  Running bin2c
  CMake Deprecation Warning at resources/bin2c.cmake:1 (cmake_minimum_required):
    Compatibility with CMake < 3.5 will be removed from a future version of
    CMake.
  
    Update the VERSION argument <min> value or use a ...<max> suffix to tell
    CMake that the project does not need compatibility with older versions.
  
  
  Building Custom Rule F:/GITHUB/nanogui/CMakeLists.txt
  nanovg.c
  glad.c
  nanogui_resources.cpp
  glutil.cpp
  common.cpp
  widget.cpp
  theme.cpp
  layout.cpp
  screen.cpp
  label.cpp
  window.cpp
  popup.cpp
  checkbox.cpp
  button.cpp
  popupbutton.cpp
  combobox.cpp
  progressbar.cpp
  slider.cpp
  messagedialog.cpp
  textbox.cpp
  imagepanel.cpp
  imageview.cpp
  vscrollpanel.cpp
  colorwheel.cpp
  colorpicker.cpp
  graph.cpp
  stackedwidget.cpp
  tabheader.cpp
  tabwidget.cpp
  glcanvas.cpp
  serializer.cpp
  nanogui-obj.vcxproj -> F:\GITHUB\nanogui\nanogui-obj.dir\Debug\nanogui-obj.lib
