  example1.cpp
F:\GITHUB\nanogui\ext\nanovg\src\stb_image.h(886,21): warning C4505: "stbi_failure_reason": неиспользованная функция с внутренним связыванием удалена
F:\GITHUB\nanogui\ext\nanovg\src\stb_image.h(932,14): warning C4505: "stbi_set_flip_vertically_on_load": неиспользованная функция с внутренним связыванием удалена
F:\GITHUB\nanogui\ext\nanovg\src\stb_image.h(1064,18): warning C4505: "stbi_load_from_memory": неиспользованная функция с внутренним связыванием удалена
F:\GITHUB\nanogui\ext\nanovg\src\stb_image.h(1071,18): warning C4505: "stbi_load_from_callbacks": неиспользованная функция с внутренним связыванием удалена
F:\GITHUB\nanogui\ext\nanovg\src\stb_image.h(1096,16): warning C4505: "stbi_loadf_from_memory": неиспользованная функция с внутренним связыванием удалена
F:\GITHUB\nanogui\ext\nanovg\src\stb_image.h(1103,16): warning C4505: "stbi_loadf_from_callbacks": неиспользованная функция с внутренним связыванием удалена
F:\GITHUB\nanogui\ext\nanovg\src\stb_image.h(1111,16): warning C4505: "stbi_loadf": неиспользованная функция с внутренним связыванием удалена
F:\GITHUB\nanogui\ext\nanovg\src\stb_image.h(1135,13): warning C4505: "stbi_is_hdr_from_memory": неиспользованная функция с внутренним связыванием удалена
F:\GITHUB\nanogui\ext\nanovg\src\stb_image.h(1149,18): warning C4505: "stbi_is_hdr": неиспользованная функция с внутренним связыванием удалена
F:\GITHUB\nanogui\ext\nanovg\src\stb_image.h(1173,18): warning C4505: "stbi_is_hdr_from_callbacks": неиспользованная функция с внутренним связыванием удалена
F:\GITHUB\nanogui\ext\nanovg\src\stb_image.h(1189,16): warning C4505: "stbi_ldr_to_hdr_gamma": неиспользованная функция с внутренним связыванием удалена
F:\GITHUB\nanogui\ext\nanovg\src\stb_image.h(1190,16): warning C4505: "stbi_ldr_to_hdr_scale": неиспользованная функция с внутренним связыванием удалена
F:\GITHUB\nanogui\ext\nanovg\src\stb_image.h(1195,16): warning C4505: "stbi_hdr_to_ldr_gamma": неиспользованная функция с внутренним связыванием удалена
F:\GITHUB\nanogui\ext\nanovg\src\stb_image.h(1196,16): warning C4505: "stbi_hdr_to_ldr_scale": неиспользованная функция с внутренним связыванием удалена
F:\GITHUB\nanogui\ext\nanovg\src\stb_image.h(3845,15): warning C4505: "stbi_zlib_decode_malloc": неиспользованная функция с внутренним связыванием удалена
F:\GITHUB\nanogui\ext\nanovg\src\stb_image.h(3866,13): warning C4505: "stbi_zlib_decode_buffer": неиспользованная функция с внутренним связыванием удалена
F:\GITHUB\nanogui\ext\nanovg\src\stb_image.h(3877,15): warning C4505: "stbi_zlib_decode_noheader_malloc": неиспользованная функция с внутренним связыванием удалена
F:\GITHUB\nanogui\ext\nanovg\src\stb_image.h(3893,13): warning C4505: "stbi_zlib_decode_noheader_buffer": неиспользованная функция с внутренним связыванием удалена
F:\GITHUB\nanogui\ext\nanovg\src\stb_image.h(4265,14): warning C4505: "stbi_set_unpremultiply_on_load": неиспользованная функция с внутренним связыванием удалена
F:\GITHUB\nanogui\ext\nanovg\src\stb_image.h(4270,14): warning C4505: "stbi_convert_iphone_png_to_rgb": неиспользованная функция с внутренним связыванием удалена
F:\GITHUB\nanogui\ext\nanovg\src\stb_image.h(6423,13): warning C4505: "stbi_info": неиспользованная функция с внутренним связыванием удалена
F:\GITHUB\nanogui\ext\nanovg\src\stb_image.h(6445,13): warning C4505: "stbi_info_from_memory": неиспользованная функция с внутренним связыванием удалена
F:\GITHUB\nanogui\ext\nanovg\src\stb_image.h(6452,13): warning C4505: "stbi_info_from_callbacks": неиспользованная функция с внутренним связыванием удалена
  example1.vcxproj -> F:\GITHUB\nanogui\Debug\example1.exe
